-------------------------------------------------------------------------------
Test set: com.revature.RecipeControllerTest
-------------------------------------------------------------------------------
Tests run: 3, Failures: 2, Errors: 0, Skipped: 0, Time elapsed: 0.368 s <<< FAILURE! - in com.revature.RecipeControllerTest
testGetRecipesWithNoParams  Time elapsed: 0.356 s  <<< FAILURE!
org.mockito.exceptions.verification.opentest4j.ArgumentsAreDifferent: 

Argument(s) are different! Wanted:
context.status(200);
-> at io.javalin.http.Context.status(Context.kt:457)
Actual invocations have different arguments:
context.queryParam("page");
-> at com.revature.controller.RecipeController.getParamAsClassOrElse(RecipeController.java:171)
context.queryParam("pageSize");
-> at com.revature.controller.RecipeController.getParamAsClassOrElse(RecipeController.java:171)
context.queryParam("sortBy");
-> at com.revature.controller.RecipeController.getParamAsClassOrElse(RecipeController.java:171)
context.queryParam("sortDirection");
-> at com.revature.controller.RecipeController.getParamAsClassOrElse(RecipeController.java:171)
context.queryParam("term");
-> at com.revature.controller.RecipeController.getParamAsClassOrElse(RecipeController.java:171)
context.status(404);
-> at com.revature.controller.RecipeController.lambda$new$0(RecipeController.java:59)
context.result("No recipes found");
-> at com.revature.controller.RecipeController.lambda$new$0(RecipeController.java:60)

	at com.revature.RecipeControllerTest.testGetRecipesWithNoParams(RecipeControllerTest.java:57)

testGetRecipesWithRecipeName  Time elapsed: 0.006 s  <<< FAILURE!
org.mockito.exceptions.verification.opentest4j.ArgumentsAreDifferent: 

Argument(s) are different! Wanted:
context.status(200);
-> at io.javalin.http.Context.status(Context.kt:457)
Actual invocations have different arguments:
context.queryParam("page");
-> at com.revature.controller.RecipeController.getParamAsClassOrElse(RecipeController.java:171)
context.queryParam("pageSize");
-> at com.revature.controller.RecipeController.getParamAsClassOrElse(RecipeController.java:171)
context.queryParam("sortBy");
-> at com.revature.controller.RecipeController.getParamAsClassOrElse(RecipeController.java:171)
context.queryParam("sortDirection");
-> at com.revature.controller.RecipeController.getParamAsClassOrElse(RecipeController.java:171)
context.queryParam("term");
-> at com.revature.controller.RecipeController.getParamAsClassOrElse(RecipeController.java:171)
context.status(404);
-> at com.revature.controller.RecipeController.lambda$new$0(RecipeController.java:59)
context.result("No recipes found");
-> at com.revature.controller.RecipeController.lambda$new$0(RecipeController.java:60)

	at com.revature.RecipeControllerTest.testGetRecipesWithRecipeName(RecipeControllerTest.java:36)

