-------------------------------------------------------------------------------
Test set: com.revature.LoginIntegrationTest
-------------------------------------------------------------------------------
Tests run: 4, Failures: 1, Errors: 0, Skipped: 0, Time elapsed: 0.442 s <<< FAILURE! - in com.revature.LoginIntegrationTest
testLogout  Time elapsed: 0.099 s  <<< FAILURE!
org.opentest4j.AssertionFailedError: expected: <401> but was: <201>
	at com.revature.LoginIntegrationTest.testLogout(LoginIntegrationTest.java:184)

