-------------------------------------------------------------------------------
Test set: com.revature.IngredientDaoTest
-------------------------------------------------------------------------------
Tests run: 8, Failures: 6, Errors: 2, Skipped: 0, Time elapsed: 8.017 s <<< FAILURE! - in com.revature.IngredientDaoTest
readOneTest  Time elapsed: 0.22 s  <<< FAILURE!
org.opentest4j.AssertionFailedError: The returned ingredient doesn't match the expected ingredient. Expected: Ingredient{id=1, name='carrot'} Actual: null ==> expected: <Ingredient{id=1, name='carrot'}> but was: <null>
	at com.revature.IngredientDaoTest.readOneTest(IngredientDaoTest.java:53)

updateIngredientTest  Time elapsed: 1.032 s  <<< ERROR!
java.lang.NullPointerException: Cannot invoke "com.revature.model.Ingredient.setName(String)" because "ingredient" is null
	at com.revature.IngredientDaoTest.updateIngredientTest(IngredientDaoTest.java:74)

searchAndPageIngredientsTest  Time elapsed: 0.83 s  <<< FAILURE!
org.opentest4j.AssertionFailedError: The returned ingredients don't match the expected ingredients. ==> expected: <com.revature.util.Page@b6c19f40> but was: <null>
	at com.revature.IngredientDaoTest.searchAndPageIngredientsTest(IngredientDaoTest.java:136)

createIngredientTest  Time elapsed: 0.863 s  <<< FAILURE!
org.opentest4j.AssertionFailedError: The ID of the newly created ingredient should be 7 ==> expected: <7> but was: <0>
	at com.revature.IngredientDaoTest.lambda$createIngredientTest$0(IngredientDaoTest.java:46)
	at com.revature.IngredientDaoTest.createIngredientTest(IngredientDaoTest.java:43)

deleteIngredientTest  Time elapsed: 2.794 s  <<< FAILURE!
java.lang.AssertionError: Expected Ingredient count to be 1 less
	at com.revature.IngredientDaoTest.deleteIngredientTest(IngredientDaoTest.java:61)

searchIngredientsTest  Time elapsed: 0.645 s  <<< FAILURE!
org.opentest4j.AssertionFailedError: The returned ingredients don't match the expected ingredients. Expected: [Ingredient{id=2, name='potato'}, Ingredient{id=3, name='tomato'}, Ingredient{id=6, name='stone'}] Actual: [] ==> iterable lengths differ, expected: <3> but was: <0>
	at com.revature.IngredientDaoTest.searchIngredientsTest(IngredientDaoTest.java:117)

getAndPageAllIngredientsTest  Time elapsed: 0.668 s  <<< ERROR!
java.lang.NullPointerException: Cannot invoke "com.revature.util.Page.getItems()" because "ingredients" is null
	at com.revature.IngredientDaoTest.getAndPageAllIngredientsTest(IngredientDaoTest.java:108)

getAllIngredientsTest  Time elapsed: 0.964 s  <<< FAILURE!
org.opentest4j.AssertionFailedError: The number of returned ingredients should match the expected size. ==> expected: <6> but was: <0>
	at com.revature.IngredientDaoTest.getAllIngredientsTest(IngredientDaoTest.java:86)

