-------------------------------------------------------------------------------
Test set: com.revature.RecipeDaoTest
-------------------------------------------------------------------------------
Tests run: 7, Failures: 3, Errors: 0, Skipped: 0, Time elapsed: 0.197 s <<< FAILURE! - in com.revature.RecipeDaoTest
getAllRecipes_Success  Time elapsed: 0.197 s  <<< FAILURE!
org.opentest4j.AssertionFailedError: expected: <[Recipe{id=1, name='carrot soup', instructions='Put carrot in water. Boil. Maybe salt.', author=JoeCool}, Recipe{id=2, name='potato soup', instructions='Put potato in water. Boil. Maybe salt.', author=CharlieBrown}]> but was: <[]>
	at com.revature.RecipeDaoTest.getAllRecipes_Success(RecipeDaoTest.java:121)

updateRecipe_Success  Time elapsed: 0 s  <<< FAILURE!
org.mockito.exceptions.verification.opentest4j.ArgumentsAreDifferent: 

Argument(s) are different! Wanted:
preparedStatement.setString(
    1,
    "updated name"
);
-> at com.revature.RecipeDaoTest.updateRecipe_Success(RecipeDaoTest.java:157)
Actual invocations have different arguments at position [1]:
preparedStatement.setString(
    1,
    "Put carrot in water. Boil. Maybe salt."
);
-> at com.revature.dao.RecipeDAO.updateRecipe(RecipeDAO.java:207)
preparedStatement.setInt(
    2,
    1
);
-> at com.revature.dao.RecipeDAO.updateRecipe(RecipeDAO.java:208)
preparedStatement.setInt(
    3,
    1
);
-> at com.revature.dao.RecipeDAO.updateRecipe(RecipeDAO.java:209)
preparedStatement.executeUpdate(
    
);
-> at com.revature.dao.RecipeDAO.updateRecipe(RecipeDAO.java:211)

	at com.revature.RecipeDaoTest.updateRecipe_Success(RecipeDaoTest.java:157)

deleteRecipe_Success  Time elapsed: 0 s  <<< FAILURE!
org.mockito.exceptions.verification.TooManyActualInvocations: 

preparedStatement.setInt(1, 1);
Wanted 1 time:
-> at com.revature.RecipeDaoTest.deleteRecipe_Success(RecipeDaoTest.java:173)
But was 2 times:
-> at com.revature.dao.RecipeDAO.deleteRecipe(RecipeDAO.java:231)
-> at com.revature.dao.RecipeDAO.deleteRecipe(RecipeDAO.java:237)


	at com.revature.RecipeDaoTest.deleteRecipe_Success(RecipeDaoTest.java:173)

