<?xml version="1.0" encoding="UTF-8"?>
<testsuite xmlns:xsi="http://www.w3.org/2001/XMLSchema-instance" xsi:noNamespaceSchemaLocation="https://maven.apache.org/surefire/maven-surefire-plugin/xsd/surefire-test-report.xsd" name="com.revature.RecipeControllerTest" time="0.235" tests="3" errors="0" skipped="0" failures="0">
  <properties>
[...]
</properties>
  <testcase name="testGetRecipesWithNoParams" classname="com.revature.RecipeControllerTest" time="0.226"/>
  <testcase name="testGetRecipesWithRecipeName" classname="com.revature.RecipeControllerTest" time="0.003"/>
  <testcase name="testGetRecipesWithNoResults" classname="com.revature.RecipeControllerTest" time="0.005"/>
</testsuite>